<?xml version="1.0" encoding="UTF-8"?>
<testsuite xmlns:xsi="http://www.w3.org/2001/XMLSchema-instance" xsi:noNamespaceSchemaLocation="https://maven.apache.org/surefire/maven-surefire-plugin/xsd/surefire-test-report.xsd" name="com.coderman.DemoApplicationTests" time="7.323" tests="1" errors="0" skipped="0" failures="0">
  <properties>
    <property name="sun.desktop" value="windows"/>
    <property name="awt.toolkit" value="sun.awt.windows.WToolkit"/>
    <property name="file.encoding.pkg" value="sun.io"/>
    <property name="java.specification.version" value="1.8"/>
    <property name="sun.cpu.isalist" value="amd64"/>
    <property name="sun.jnu.encoding" value="GBK"/>
    <property name="java.class.path" value="D:\myworkspace\workspace_idea2\Xinguan\target\test-classes;D:\myworkspace\workspace_idea2\Xinguan\target\classes;D:\openSourse\tools\RepMaven\com\github\pagehelper\pagehelper-spring-boot-starter\1.2.5\pagehelper-spring-boot-starter-1.2.5.jar;D:\openSourse\tools\RepMaven\org\springframework\boot\spring-boot-starter\2.2.4.RELEASE\spring-boot-starter-2.2.4.RELEASE.jar;D:\openSourse\tools\RepMaven\org\springframework\boot\spring-boot\2.2.4.RELEASE\spring-boot-2.2.4.RELEASE.jar;D:\openSourse\tools\RepMaven\org\springframework\boot\spring-boot-starter-logging\2.2.4.RELEASE\spring-boot-starter-logging-2.2.4.RELEASE.jar;D:\openSourse\tools\RepMaven\org\apache\logging\log4j\log4j-to-slf4j\2.12.1\log4j-to-slf4j-2.12.1.jar;D:\openSourse\tools\RepMaven\org\apache\logging\log4j\log4j-api\2.12.1\log4j-api-2.12.1.jar;D:\openSourse\tools\RepMaven\org\slf4j\jul-to-slf4j\1.7.30\jul-to-slf4j-1.7.30.jar;D:\openSourse\tools\RepMaven\jakarta\annotation\jakarta.annotation-api\1.3.5\jakarta.annotation-api-1.3.5.jar;D:\openSourse\tools\RepMaven\org\yaml\snakeyaml\1.25\snakeyaml-1.25.jar;D:\openSourse\tools\RepMaven\com\github\pagehelper\pagehelper-spring-boot-autoconfigure\1.2.5\pagehelper-spring-boot-autoconfigure-1.2.5.jar;D:\openSourse\tools\RepMaven\com\github\pagehelper\pagehelper\5.1.4\pagehelper-5.1.4.jar;D:\openSourse\tools\RepMaven\com\github\jsqlparser\jsqlparser\1.0\jsqlparser-1.0.jar;D:\openSourse\tools\RepMaven\org\mybatis\generator\mybatis-generator-core\1.3.2\mybatis-generator-core-1.3.2.jar;D:\openSourse\tools\RepMaven\org\mybatis\spring\boot\mybatis-spring-boot-starter\1.3.2\mybatis-spring-boot-starter-1.3.2.jar;D:\openSourse\tools\RepMaven\org\springframework\boot\spring-boot-starter-jdbc\2.2.4.RELEASE\spring-boot-starter-jdbc-2.2.4.RELEASE.jar;D:\openSourse\tools\RepMaven\com\zaxxer\HikariCP\3.4.2\HikariCP-3.4.2.jar;D:\openSourse\tools\RepMaven\org\springframework\spring-jdbc\5.2.3.RELEASE\spring-jdbc-5.2.3.RELEASE.jar;D:\openSourse\tools\RepMaven\org\springframework\spring-tx\5.2.3.RELEASE\spring-tx-5.2.3.RELEASE.jar;D:\openSourse\tools\RepMaven\org\mybatis\spring\boot\mybatis-spring-boot-autoconfigure\1.3.2\mybatis-spring-boot-autoconfigure-1.3.2.jar;D:\openSourse\tools\RepMaven\org\mybatis\mybatis\3.4.6\mybatis-3.4.6.jar;D:\openSourse\tools\RepMaven\org\mybatis\mybatis-spring\1.3.2\mybatis-spring-1.3.2.jar;D:\openSourse\tools\RepMaven\com\alibaba\druid-spring-boot-starter\1.1.10\druid-spring-boot-starter-1.1.10.jar;D:\openSourse\tools\RepMaven\com\alibaba\druid\1.1.10\druid-1.1.10.jar;D:\openSourse\tools\RepMaven\org\springframework\boot\spring-boot-autoconfigure\2.2.4.RELEASE\spring-boot-autoconfigure-2.2.4.RELEASE.jar;D:\openSourse\tools\RepMaven\tk\mybatis\mapper\4.0.3\mapper-4.0.3.jar;D:\openSourse\tools\RepMaven\javax\persistence\persistence-api\1.0\persistence-api-1.0.jar;D:\openSourse\tools\RepMaven\io\springfox\springfox-swagger2\2.6.1\springfox-swagger2-2.6.1.jar;D:\openSourse\tools\RepMaven\io\swagger\swagger-annotations\1.5.10\swagger-annotations-1.5.10.jar;D:\openSourse\tools\RepMaven\io\swagger\swagger-models\1.5.10\swagger-models-1.5.10.jar;D:\openSourse\tools\RepMaven\com\fasterxml\jackson\core\jackson-annotations\2.10.2\jackson-annotations-2.10.2.jar;D:\openSourse\tools\RepMaven\io\springfox\springfox-spi\2.6.1\springfox-spi-2.6.1.jar;D:\openSourse\tools\RepMaven\io\springfox\springfox-core\2.6.1\springfox-core-2.6.1.jar;D:\openSourse\tools\RepMaven\io\springfox\springfox-schema\2.6.1\springfox-schema-2.6.1.jar;D:\openSourse\tools\RepMaven\io\springfox\springfox-swagger-common\2.6.1\springfox-swagger-common-2.6.1.jar;D:\openSourse\tools\RepMaven\io\springfox\springfox-spring-web\2.6.1\springfox-spring-web-2.6.1.jar;D:\openSourse\tools\RepMaven\com\google\guava\guava\18.0\guava-18.0.jar;D:\openSourse\tools\RepMaven\com\fasterxml\classmate\1.5.1\classmate-1.5.1.jar;D:\openSourse\tools\RepMaven\org\springframework\plugin\spring-plugin-core\1.2.0.RELEASE\spring-plugin-core-1.2.0.RELEASE.jar;D:\openSourse\tools\RepMaven\org\springframework\spring-beans\5.2.3.RELEASE\spring-beans-5.2.3.RELEASE.jar;D:\openSourse\tools\RepMaven\org\springframework\spring-aop\5.2.3.RELEASE\spring-aop-5.2.3.RELEASE.jar;D:\openSourse\tools\RepMaven\org\springframework\plugin\spring-plugin-metadata\1.2.0.RELEASE\spring-plugin-metadata-1.2.0.RELEASE.jar;D:\openSourse\tools\RepMaven\org\mapstruct\mapstruct\1.0.0.Final\mapstruct-1.0.0.Final.jar;D:\openSourse\tools\RepMaven\io\springfox\springfox-swagger-ui\2.6.1\springfox-swagger-ui-2.6.1.jar;D:\openSourse\tools\RepMaven\org\apache\commons\commons-lang3\3.8.1\commons-lang3-3.8.1.jar;D:\openSourse\tools\RepMaven\com\google\code\gson\gson\2.8.6\gson-2.8.6.jar;D:\openSourse\tools\RepMaven\org\slf4j\slf4j-api\1.7.16\slf4j-api-1.7.16.jar;D:\openSourse\tools\RepMaven\org\apache\shiro\shiro-spring\1.3.2\shiro-spring-1.3.2.jar;D:\openSourse\tools\RepMaven\org\apache\shiro\shiro-core\1.3.2\shiro-core-1.3.2.jar;D:\openSourse\tools\RepMaven\org\apache\shiro\shiro-web\1.3.2\shiro-web-1.3.2.jar;D:\openSourse\tools\RepMaven\com\auth0\java-jwt\3.2.0\java-jwt-3.2.0.jar;D:\openSourse\tools\RepMaven\com\fasterxml\jackson\core\jackson-databind\2.10.2\jackson-databind-2.10.2.jar;D:\openSourse\tools\RepMaven\com\fasterxml\jackson\core\jackson-core\2.10.2\jackson-core-2.10.2.jar;D:\openSourse\tools\RepMaven\commons-codec\commons-codec\1.13\commons-codec-1.13.jar;D:\openSourse\tools\RepMaven\org\bouncycastle\bcprov-jdk15on\1.55\bcprov-jdk15on-1.55.jar;D:\openSourse\tools\RepMaven\org\springframework\boot\spring-boot-starter-web\2.2.4.RELEASE\spring-boot-starter-web-2.2.4.RELEASE.jar;D:\openSourse\tools\RepMaven\org\springframework\boot\spring-boot-starter-json\2.2.4.RELEASE\spring-boot-starter-json-2.2.4.RELEASE.jar;D:\openSourse\tools\RepMaven\com\fasterxml\jackson\datatype\jackson-datatype-jdk8\2.10.2\jackson-datatype-jdk8-2.10.2.jar;D:\openSourse\tools\RepMaven\com\fasterxml\jackson\datatype\jackson-datatype-jsr310\2.10.2\jackson-datatype-jsr310-2.10.2.jar;D:\openSourse\tools\RepMaven\com\fasterxml\jackson\module\jackson-module-parameter-names\2.10.2\jackson-module-parameter-names-2.10.2.jar;D:\openSourse\tools\RepMaven\org\springframework\boot\spring-boot-starter-tomcat\2.2.4.RELEASE\spring-boot-starter-tomcat-2.2.4.RELEASE.jar;D:\openSourse\tools\RepMaven\org\apache\tomcat\embed\tomcat-embed-core\9.0.30\tomcat-embed-core-9.0.30.jar;D:\openSourse\tools\RepMaven\org\apache\tomcat\embed\tomcat-embed-el\9.0.30\tomcat-embed-el-9.0.30.jar;D:\openSourse\tools\RepMaven\org\apache\tomcat\embed\tomcat-embed-websocket\9.0.30\tomcat-embed-websocket-9.0.30.jar;D:\openSourse\tools\RepMaven\org\springframework\boot\spring-boot-starter-validation\2.2.4.RELEASE\spring-boot-starter-validation-2.2.4.RELEASE.jar;D:\openSourse\tools\RepMaven\jakarta\validation\jakarta.validation-api\2.0.2\jakarta.validation-api-2.0.2.jar;D:\openSourse\tools\RepMaven\org\springframework\spring-web\5.2.3.RELEASE\spring-web-5.2.3.RELEASE.jar;D:\openSourse\tools\RepMaven\org\springframework\spring-webmvc\5.2.3.RELEASE\spring-webmvc-5.2.3.RELEASE.jar;D:\openSourse\tools\RepMaven\org\springframework\spring-expression\5.2.3.RELEASE\spring-expression-5.2.3.RELEASE.jar;D:\openSourse\tools\RepMaven\mysql\mysql-connector-java\8.0.19\mysql-connector-java-8.0.19.jar;D:\openSourse\tools\RepMaven\org\projectlombok\lombok\1.18.10\lombok-1.18.10.jar;D:\openSourse\tools\RepMaven\org\springframework\boot\spring-boot-starter-test\2.2.4.RELEASE\spring-boot-starter-test-2.2.4.RELEASE.jar;D:\openSourse\tools\RepMaven\org\springframework\boot\spring-boot-test\2.2.4.RELEASE\spring-boot-test-2.2.4.RELEASE.jar;D:\openSourse\tools\RepMaven\org\springframework\boot\spring-boot-test-autoconfigure\2.2.4.RELEASE\spring-boot-test-autoconfigure-2.2.4.RELEASE.jar;D:\openSourse\tools\RepMaven\com\jayway\jsonpath\json-path\2.4.0\json-path-2.4.0.jar;D:\openSourse\tools\RepMaven\net\minidev\json-smart\2.3\json-smart-2.3.jar;D:\openSourse\tools\RepMaven\net\minidev\accessors-smart\1.2\accessors-smart-1.2.jar;D:\openSourse\tools\RepMaven\org\ow2\asm\asm\5.0.4\asm-5.0.4.jar;D:\openSourse\tools\RepMaven\jakarta\xml\bind\jakarta.xml.bind-api\2.3.2\jakarta.xml.bind-api-2.3.2.jar;D:\openSourse\tools\RepMaven\jakarta\activation\jakarta.activation-api\1.2.1\jakarta.activation-api-1.2.1.jar;D:\openSourse\tools\RepMaven\org\junit\jupiter\junit-jupiter\5.5.2\junit-jupiter-5.5.2.jar;D:\openSourse\tools\RepMaven\org\junit\jupiter\junit-jupiter-api\5.5.2\junit-jupiter-api-5.5.2.jar;D:\openSourse\tools\RepMaven\org\opentest4j\opentest4j\1.2.0\opentest4j-1.2.0.jar;D:\openSourse\tools\RepMaven\org\junit\platform\junit-platform-commons\1.5.2\junit-platform-commons-1.5.2.jar;D:\openSourse\tools\RepMaven\org\junit\jupiter\junit-jupiter-params\5.5.2\junit-jupiter-params-5.5.2.jar;D:\openSourse\tools\RepMaven\org\junit\jupiter\junit-jupiter-engine\5.5.2\junit-jupiter-engine-5.5.2.jar;D:\openSourse\tools\RepMaven\org\junit\vintage\junit-vintage-engine\5.5.2\junit-vintage-engine-5.5.2.jar;D:\openSourse\tools\RepMaven\org\apiguardian\apiguardian-api\1.1.0\apiguardian-api-1.1.0.jar;D:\openSourse\tools\RepMaven\org\junit\platform\junit-platform-engine\1.5.2\junit-platform-engine-1.5.2.jar;D:\openSourse\tools\RepMaven\junit\junit\4.12\junit-4.12.jar;D:\openSourse\tools\RepMaven\org\mockito\mockito-junit-jupiter\3.1.0\mockito-junit-jupiter-3.1.0.jar;D:\openSourse\tools\RepMaven\org\assertj\assertj-core\3.13.2\assertj-core-3.13.2.jar;D:\openSourse\tools\RepMaven\org\hamcrest\hamcrest\2.1\hamcrest-2.1.jar;D:\openSourse\tools\RepMaven\org\mockito\mockito-core\3.1.0\mockito-core-3.1.0.jar;D:\openSourse\tools\RepMaven\net\bytebuddy\byte-buddy\1.10.6\byte-buddy-1.10.6.jar;D:\openSourse\tools\RepMaven\net\bytebuddy\byte-buddy-agent\1.10.6\byte-buddy-agent-1.10.6.jar;D:\openSourse\tools\RepMaven\org\objenesis\objenesis\2.6\objenesis-2.6.jar;D:\openSourse\tools\RepMaven\org\skyscreamer\jsonassert\1.5.0\jsonassert-1.5.0.jar;D:\openSourse\tools\RepMaven\com\vaadin\external\google\android-json\0.0.20131108.vaadin1\android-json-0.0.20131108.vaadin1.jar;D:\openSourse\tools\RepMaven\org\springframework\spring-core\5.2.3.RELEASE\spring-core-5.2.3.RELEASE.jar;D:\openSourse\tools\RepMaven\org\springframework\spring-jcl\5.2.3.RELEASE\spring-jcl-5.2.3.RELEASE.jar;D:\openSourse\tools\RepMaven\org\springframework\spring-test\5.2.3.RELEASE\spring-test-5.2.3.RELEASE.jar;D:\openSourse\tools\RepMaven\org\xmlunit\xmlunit-core\2.6.3\xmlunit-core-2.6.3.jar;D:\openSourse\tools\RepMaven\com\github\tobato\fastdfs-client\1.26.1-RELEASE\fastdfs-client-1.26.1-RELEASE.jar;D:\openSourse\tools\RepMaven\org\slf4j\jcl-over-slf4j\1.7.30\jcl-over-slf4j-1.7.30.jar;D:\openSourse\tools\RepMaven\ch\qos\logback\logback-classic\1.2.3\logback-classic-1.2.3.jar;D:\openSourse\tools\RepMaven\ch\qos\logback\logback-core\1.2.3\logback-core-1.2.3.jar;D:\openSourse\tools\RepMaven\commons-beanutils\commons-beanutils\1.9.1\commons-beanutils-1.9.1.jar;D:\openSourse\tools\RepMaven\commons-collections\commons-collections\3.2.1\commons-collections-3.2.1.jar;D:\openSourse\tools\RepMaven\commons-io\commons-io\2.4\commons-io-2.4.jar;D:\openSourse\tools\RepMaven\org\apache\commons\commons-pool2\2.7.0\commons-pool2-2.7.0.jar;D:\openSourse\tools\RepMaven\org\hibernate\validator\hibernate-validator\6.0.18.Final\hibernate-validator-6.0.18.Final.jar;D:\openSourse\tools\RepMaven\javax\validation\validation-api\2.0.1.Final\validation-api-2.0.1.Final.jar;D:\openSourse\tools\RepMaven\org\jboss\logging\jboss-logging\3.4.1.Final\jboss-logging-3.4.1.Final.jar;D:\openSourse\tools\RepMaven\org\mockito\mockito-all\1.9.5\mockito-all-1.9.5.jar;D:\openSourse\tools\RepMaven\org\springframework\spring-context\5.2.3.RELEASE\spring-context-5.2.3.RELEASE.jar;D:\openSourse\tools\RepMaven\net\coobird\thumbnailator\0.4.8\thumbnailator-0.4.8.jar;D:\openSourse\tools\RepMaven\org\lionsoul\ip2region\1.7\ip2region-1.7.jar;D:\openSourse\tools\RepMaven\eu\bitwalker\UserAgentUtils\1.20\UserAgentUtils-1.20.jar;"/>
    <property name="java.vm.vendor" value="Oracle Corporation"/>
    <property name="sun.arch.data.model" value="64"/>
    <property name="user.variant" value=""/>
    <property name="java.vendor.url" value="http://java.oracle.com/"/>
    <property name="user.timezone" value="Asia/Shanghai"/>
    <property name="java.vm.specification.version" value="1.8"/>
    <property name="os.name" value="Windows 10"/>
    <property name="user.country" value="CN"/>
    <property name="sun.java.launcher" value="SUN_STANDARD"/>
    <property name="sun.boot.library.path" value="C:\Program Files\Java\jdk1.8.0_131\jre\bin"/>
    <property name="sun.java.command" value="C:\Users\ADMINI~1\AppData\Local\Temp\surefire2920099080604973502\surefirebooter7468767271211017914.jar C:\Users\Administrator\AppData\Local\Temp\surefire2920099080604973502 2020-04-01T12-32-58_649-jvmRun1 surefire5779469869975946549tmp surefire_07950452732613506187tmp"/>
    <property name="surefire.test.class.path" value="D:\myworkspace\workspace_idea2\Xinguan\target\test-classes;D:\myworkspace\workspace_idea2\Xinguan\target\classes;D:\openSourse\tools\RepMaven\com\github\pagehelper\pagehelper-spring-boot-starter\1.2.5\pagehelper-spring-boot-starter-1.2.5.jar;D:\openSourse\tools\RepMaven\org\springframework\boot\spring-boot-starter\2.2.4.RELEASE\spring-boot-starter-2.2.4.RELEASE.jar;D:\openSourse\tools\RepMaven\org\springframework\boot\spring-boot\2.2.4.RELEASE\spring-boot-2.2.4.RELEASE.jar;D:\openSourse\tools\RepMaven\org\springframework\boot\spring-boot-starter-logging\2.2.4.RELEASE\spring-boot-starter-logging-2.2.4.RELEASE.jar;D:\openSourse\tools\RepMaven\org\apache\logging\log4j\log4j-to-slf4j\2.12.1\log4j-to-slf4j-2.12.1.jar;D:\openSourse\tools\RepMaven\org\apache\logging\log4j\log4j-api\2.12.1\log4j-api-2.12.1.jar;D:\openSourse\tools\RepMaven\org\slf4j\jul-to-slf4j\1.7.30\jul-to-slf4j-1.7.30.jar;D:\openSourse\tools\RepMaven\jakarta\annotation\jakarta.annotation-api\1.3.5\jakarta.annotation-api-1.3.5.jar;D:\openSourse\tools\RepMaven\org\yaml\snakeyaml\1.25\snakeyaml-1.25.jar;D:\openSourse\tools\RepMaven\com\github\pagehelper\pagehelper-spring-boot-autoconfigure\1.2.5\pagehelper-spring-boot-autoconfigure-1.2.5.jar;D:\openSourse\tools\RepMaven\com\github\pagehelper\pagehelper\5.1.4\pagehelper-5.1.4.jar;D:\openSourse\tools\RepMaven\com\github\jsqlparser\jsqlparser\1.0\jsqlparser-1.0.jar;D:\openSourse\tools\RepMaven\org\mybatis\generator\mybatis-generator-core\1.3.2\mybatis-generator-core-1.3.2.jar;D:\openSourse\tools\RepMaven\org\mybatis\spring\boot\mybatis-spring-boot-starter\1.3.2\mybatis-spring-boot-starter-1.3.2.jar;D:\openSourse\tools\RepMaven\org\springframework\boot\spring-boot-starter-jdbc\2.2.4.RELEASE\spring-boot-starter-jdbc-2.2.4.RELEASE.jar;D:\openSourse\tools\RepMaven\com\zaxxer\HikariCP\3.4.2\HikariCP-3.4.2.jar;D:\openSourse\tools\RepMaven\org\springframework\spring-jdbc\5.2.3.RELEASE\spring-jdbc-5.2.3.RELEASE.jar;D:\openSourse\tools\RepMaven\org\springframework\spring-tx\5.2.3.RELEASE\spring-tx-5.2.3.RELEASE.jar;D:\openSourse\tools\RepMaven\org\mybatis\spring\boot\mybatis-spring-boot-autoconfigure\1.3.2\mybatis-spring-boot-autoconfigure-1.3.2.jar;D:\openSourse\tools\RepMaven\org\mybatis\mybatis\3.4.6\mybatis-3.4.6.jar;D:\openSourse\tools\RepMaven\org\mybatis\mybatis-spring\1.3.2\mybatis-spring-1.3.2.jar;D:\openSourse\tools\RepMaven\com\alibaba\druid-spring-boot-starter\1.1.10\druid-spring-boot-starter-1.1.10.jar;D:\openSourse\tools\RepMaven\com\alibaba\druid\1.1.10\druid-1.1.10.jar;D:\openSourse\tools\RepMaven\org\springframework\boot\spring-boot-autoconfigure\2.2.4.RELEASE\spring-boot-autoconfigure-2.2.4.RELEASE.jar;D:\openSourse\tools\RepMaven\tk\mybatis\mapper\4.0.3\mapper-4.0.3.jar;D:\openSourse\tools\RepMaven\javax\persistence\persistence-api\1.0\persistence-api-1.0.jar;D:\openSourse\tools\RepMaven\io\springfox\springfox-swagger2\2.6.1\springfox-swagger2-2.6.1.jar;D:\openSourse\tools\RepMaven\io\swagger\swagger-annotations\1.5.10\swagger-annotations-1.5.10.jar;D:\openSourse\tools\RepMaven\io\swagger\swagger-models\1.5.10\swagger-models-1.5.10.jar;D:\openSourse\tools\RepMaven\com\fasterxml\jackson\core\jackson-annotations\2.10.2\jackson-annotations-2.10.2.jar;D:\openSourse\tools\RepMaven\io\springfox\springfox-spi\2.6.1\springfox-spi-2.6.1.jar;D:\openSourse\tools\RepMaven\io\springfox\springfox-core\2.6.1\springfox-core-2.6.1.jar;D:\openSourse\tools\RepMaven\io\springfox\springfox-schema\2.6.1\springfox-schema-2.6.1.jar;D:\openSourse\tools\RepMaven\io\springfox\springfox-swagger-common\2.6.1\springfox-swagger-common-2.6.1.jar;D:\openSourse\tools\RepMaven\io\springfox\springfox-spring-web\2.6.1\springfox-spring-web-2.6.1.jar;D:\openSourse\tools\RepMaven\com\google\guava\guava\18.0\guava-18.0.jar;D:\openSourse\tools\RepMaven\com\fasterxml\classmate\1.5.1\classmate-1.5.1.jar;D:\openSourse\tools\RepMaven\org\springframework\plugin\spring-plugin-core\1.2.0.RELEASE\spring-plugin-core-1.2.0.RELEASE.jar;D:\openSourse\tools\RepMaven\org\springframework\spring-beans\5.2.3.RELEASE\spring-beans-5.2.3.RELEASE.jar;D:\openSourse\tools\RepMaven\org\springframework\spring-aop\5.2.3.RELEASE\spring-aop-5.2.3.RELEASE.jar;D:\openSourse\tools\RepMaven\org\springframework\plugin\spring-plugin-metadata\1.2.0.RELEASE\spring-plugin-metadata-1.2.0.RELEASE.jar;D:\openSourse\tools\RepMaven\org\mapstruct\mapstruct\1.0.0.Final\mapstruct-1.0.0.Final.jar;D:\openSourse\tools\RepMaven\io\springfox\springfox-swagger-ui\2.6.1\springfox-swagger-ui-2.6.1.jar;D:\openSourse\tools\RepMaven\org\apache\commons\commons-lang3\3.8.1\commons-lang3-3.8.1.jar;D:\openSourse\tools\RepMaven\com\google\code\gson\gson\2.8.6\gson-2.8.6.jar;D:\openSourse\tools\RepMaven\org\slf4j\slf4j-api\1.7.16\slf4j-api-1.7.16.jar;D:\openSourse\tools\RepMaven\org\apache\shiro\shiro-spring\1.3.2\shiro-spring-1.3.2.jar;D:\openSourse\tools\RepMaven\org\apache\shiro\shiro-core\1.3.2\shiro-core-1.3.2.jar;D:\openSourse\tools\RepMaven\org\apache\shiro\shiro-web\1.3.2\shiro-web-1.3.2.jar;D:\openSourse\tools\RepMaven\com\auth0\java-jwt\3.2.0\java-jwt-3.2.0.jar;D:\openSourse\tools\RepMaven\com\fasterxml\jackson\core\jackson-databind\2.10.2\jackson-databind-2.10.2.jar;D:\openSourse\tools\RepMaven\com\fasterxml\jackson\core\jackson-core\2.10.2\jackson-core-2.10.2.jar;D:\openSourse\tools\RepMaven\commons-codec\commons-codec\1.13\commons-codec-1.13.jar;D:\openSourse\tools\RepMaven\org\bouncycastle\bcprov-jdk15on\1.55\bcprov-jdk15on-1.55.jar;D:\openSourse\tools\RepMaven\org\springframework\boot\spring-boot-starter-web\2.2.4.RELEASE\spring-boot-starter-web-2.2.4.RELEASE.jar;D:\openSourse\tools\RepMaven\org\springframework\boot\spring-boot-starter-json\2.2.4.RELEASE\spring-boot-starter-json-2.2.4.RELEASE.jar;D:\openSourse\tools\RepMaven\com\fasterxml\jackson\datatype\jackson-datatype-jdk8\2.10.2\jackson-datatype-jdk8-2.10.2.jar;D:\openSourse\tools\RepMaven\com\fasterxml\jackson\datatype\jackson-datatype-jsr310\2.10.2\jackson-datatype-jsr310-2.10.2.jar;D:\openSourse\tools\RepMaven\com\fasterxml\jackson\module\jackson-module-parameter-names\2.10.2\jackson-module-parameter-names-2.10.2.jar;D:\openSourse\tools\RepMaven\org\springframework\boot\spring-boot-starter-tomcat\2.2.4.RELEASE\spring-boot-starter-tomcat-2.2.4.RELEASE.jar;D:\openSourse\tools\RepMaven\org\apache\tomcat\embed\tomcat-embed-core\9.0.30\tomcat-embed-core-9.0.30.jar;D:\openSourse\tools\RepMaven\org\apache\tomcat\embed\tomcat-embed-el\9.0.30\tomcat-embed-el-9.0.30.jar;D:\openSourse\tools\RepMaven\org\apache\tomcat\embed\tomcat-embed-websocket\9.0.30\tomcat-embed-websocket-9.0.30.jar;D:\openSourse\tools\RepMaven\org\springframework\boot\spring-boot-starter-validation\2.2.4.RELEASE\spring-boot-starter-validation-2.2.4.RELEASE.jar;D:\openSourse\tools\RepMaven\jakarta\validation\jakarta.validation-api\2.0.2\jakarta.validation-api-2.0.2.jar;D:\openSourse\tools\RepMaven\org\springframework\spring-web\5.2.3.RELEASE\spring-web-5.2.3.RELEASE.jar;D:\openSourse\tools\RepMaven\org\springframework\spring-webmvc\5.2.3.RELEASE\spring-webmvc-5.2.3.RELEASE.jar;D:\openSourse\tools\RepMaven\org\springframework\spring-expression\5.2.3.RELEASE\spring-expression-5.2.3.RELEASE.jar;D:\openSourse\tools\RepMaven\mysql\mysql-connector-java\8.0.19\mysql-connector-java-8.0.19.jar;D:\openSourse\tools\RepMaven\org\projectlombok\lombok\1.18.10\lombok-1.18.10.jar;D:\openSourse\tools\RepMaven\org\springframework\boot\spring-boot-starter-test\2.2.4.RELEASE\spring-boot-starter-test-2.2.4.RELEASE.jar;D:\openSourse\tools\RepMaven\org\springframework\boot\spring-boot-test\2.2.4.RELEASE\spring-boot-test-2.2.4.RELEASE.jar;D:\openSourse\tools\RepMaven\org\springframework\boot\spring-boot-test-autoconfigure\2.2.4.RELEASE\spring-boot-test-autoconfigure-2.2.4.RELEASE.jar;D:\openSourse\tools\RepMaven\com\jayway\jsonpath\json-path\2.4.0\json-path-2.4.0.jar;D:\openSourse\tools\RepMaven\net\minidev\json-smart\2.3\json-smart-2.3.jar;D:\openSourse\tools\RepMaven\net\minidev\accessors-smart\1.2\accessors-smart-1.2.jar;D:\openSourse\tools\RepMaven\org\ow2\asm\asm\5.0.4\asm-5.0.4.jar;D:\openSourse\tools\RepMaven\jakarta\xml\bind\jakarta.xml.bind-api\2.3.2\jakarta.xml.bind-api-2.3.2.jar;D:\openSourse\tools\RepMaven\jakarta\activation\jakarta.activation-api\1.2.1\jakarta.activation-api-1.2.1.jar;D:\openSourse\tools\RepMaven\org\junit\jupiter\junit-jupiter\5.5.2\junit-jupiter-5.5.2.jar;D:\openSourse\tools\RepMaven\org\junit\jupiter\junit-jupiter-api\5.5.2\junit-jupiter-api-5.5.2.jar;D:\openSourse\tools\RepMaven\org\opentest4j\opentest4j\1.2.0\opentest4j-1.2.0.jar;D:\openSourse\tools\RepMaven\org\junit\platform\junit-platform-commons\1.5.2\junit-platform-commons-1.5.2.jar;D:\openSourse\tools\RepMaven\org\junit\jupiter\junit-jupiter-params\5.5.2\junit-jupiter-params-5.5.2.jar;D:\openSourse\tools\RepMaven\org\junit\jupiter\junit-jupiter-engine\5.5.2\junit-jupiter-engine-5.5.2.jar;D:\openSourse\tools\RepMaven\org\junit\vintage\junit-vintage-engine\5.5.2\junit-vintage-engine-5.5.2.jar;D:\openSourse\tools\RepMaven\org\apiguardian\apiguardian-api\1.1.0\apiguardian-api-1.1.0.jar;D:\openSourse\tools\RepMaven\org\junit\platform\junit-platform-engine\1.5.2\junit-platform-engine-1.5.2.jar;D:\openSourse\tools\RepMaven\junit\junit\4.12\junit-4.12.jar;D:\openSourse\tools\RepMaven\org\mockito\mockito-junit-jupiter\3.1.0\mockito-junit-jupiter-3.1.0.jar;D:\openSourse\tools\RepMaven\org\assertj\assertj-core\3.13.2\assertj-core-3.13.2.jar;D:\openSourse\tools\RepMaven\org\hamcrest\hamcrest\2.1\hamcrest-2.1.jar;D:\openSourse\tools\RepMaven\org\mockito\mockito-core\3.1.0\mockito-core-3.1.0.jar;D:\openSourse\tools\RepMaven\net\bytebuddy\byte-buddy\1.10.6\byte-buddy-1.10.6.jar;D:\openSourse\tools\RepMaven\net\bytebuddy\byte-buddy-agent\1.10.6\byte-buddy-agent-1.10.6.jar;D:\openSourse\tools\RepMaven\org\objenesis\objenesis\2.6\objenesis-2.6.jar;D:\openSourse\tools\RepMaven\org\skyscreamer\jsonassert\1.5.0\jsonassert-1.5.0.jar;D:\openSourse\tools\RepMaven\com\vaadin\external\google\android-json\0.0.20131108.vaadin1\android-json-0.0.20131108.vaadin1.jar;D:\openSourse\tools\RepMaven\org\springframework\spring-core\5.2.3.RELEASE\spring-core-5.2.3.RELEASE.jar;D:\openSourse\tools\RepMaven\org\springframework\spring-jcl\5.2.3.RELEASE\spring-jcl-5.2.3.RELEASE.jar;D:\openSourse\tools\RepMaven\org\springframework\spring-test\5.2.3.RELEASE\spring-test-5.2.3.RELEASE.jar;D:\openSourse\tools\RepMaven\org\xmlunit\xmlunit-core\2.6.3\xmlunit-core-2.6.3.jar;D:\openSourse\tools\RepMaven\com\github\tobato\fastdfs-client\1.26.1-RELEASE\fastdfs-client-1.26.1-RELEASE.jar;D:\openSourse\tools\RepMaven\org\slf4j\jcl-over-slf4j\1.7.30\jcl-over-slf4j-1.7.30.jar;D:\openSourse\tools\RepMaven\ch\qos\logback\logback-classic\1.2.3\logback-classic-1.2.3.jar;D:\openSourse\tools\RepMaven\ch\qos\logback\logback-core\1.2.3\logback-core-1.2.3.jar;D:\openSourse\tools\RepMaven\commons-beanutils\commons-beanutils\1.9.1\commons-beanutils-1.9.1.jar;D:\openSourse\tools\RepMaven\commons-collections\commons-collections\3.2.1\commons-collections-3.2.1.jar;D:\openSourse\tools\RepMaven\commons-io\commons-io\2.4\commons-io-2.4.jar;D:\openSourse\tools\RepMaven\org\apache\commons\commons-pool2\2.7.0\commons-pool2-2.7.0.jar;D:\openSourse\tools\RepMaven\org\hibernate\validator\hibernate-validator\6.0.18.Final\hibernate-validator-6.0.18.Final.jar;D:\openSourse\tools\RepMaven\javax\validation\validation-api\2.0.1.Final\validation-api-2.0.1.Final.jar;D:\openSourse\tools\RepMaven\org\jboss\logging\jboss-logging\3.4.1.Final\jboss-logging-3.4.1.Final.jar;D:\openSourse\tools\RepMaven\org\mockito\mockito-all\1.9.5\mockito-all-1.9.5.jar;D:\openSourse\tools\RepMaven\org\springframework\spring-context\5.2.3.RELEASE\spring-context-5.2.3.RELEASE.jar;D:\openSourse\tools\RepMaven\net\coobird\thumbnailator\0.4.8\thumbnailator-0.4.8.jar;D:\openSourse\tools\RepMaven\org\lionsoul\ip2region\1.7\ip2region-1.7.jar;D:\openSourse\tools\RepMaven\eu\bitwalker\UserAgentUtils\1.20\UserAgentUtils-1.20.jar;"/>
    <property name="sun.cpu.endian" value="little"/>
    <property name="user.home" value="C:\Users\Administrator"/>
    <property name="user.language" value="zh"/>
    <property name="java.specification.vendor" value="Oracle Corporation"/>
    <property name="java.home" value="C:\Program Files\Java\jdk1.8.0_131\jre"/>
    <property name="basedir" value="D:\myworkspace\workspace_idea2\Xinguan"/>
    <property name="file.separator" value="\"/>
    <property name="line.separator" value="&#10;"/>
    <property name="java.vm.specification.vendor" value="Oracle Corporation"/>
    <property name="java.specification.name" value="Java Platform API Specification"/>
    <property name="java.awt.graphicsenv" value="sun.awt.Win32GraphicsEnvironment"/>
    <property name="surefire.real.class.path" value="C:\Users\ADMINI~1\AppData\Local\Temp\surefire2920099080604973502\surefirebooter7468767271211017914.jar"/>
    <property name="sun.boot.class.path" value="C:\Program Files\Java\jdk1.8.0_131\jre\lib\resources.jar;C:\Program Files\Java\jdk1.8.0_131\jre\lib\rt.jar;C:\Program Files\Java\jdk1.8.0_131\jre\lib\sunrsasign.jar;C:\Program Files\Java\jdk1.8.0_131\jre\lib\jsse.jar;C:\Program Files\Java\jdk1.8.0_131\jre\lib\jce.jar;C:\Program Files\Java\jdk1.8.0_131\jre\lib\charsets.jar;C:\Program Files\Java\jdk1.8.0_131\jre\lib\jfr.jar;C:\Program Files\Java\jdk1.8.0_131\jre\classes"/>
    <property name="user.script" value=""/>
    <property name="sun.management.compiler" value="HotSpot 64-Bit Tiered Compilers"/>
    <property name="java.runtime.version" value="1.8.0_131-b11"/>
    <property name="user.name" value="Administrator"/>
    <property name="path.separator" value=";"/>
    <property name="os.version" value="10.0"/>
    <property name="java.endorsed.dirs" value="C:\Program Files\Java\jdk1.8.0_131\jre\lib\endorsed"/>
    <property name="java.runtime.name" value="Java(TM) SE Runtime Environment"/>
    <property name="file.encoding" value="GBK"/>
    <property name="java.vm.name" value="Java HotSpot(TM) 64-Bit Server VM"/>
    <property name="localRepository" value="D:\openSourse\tools\RepMaven"/>
    <property name="java.vendor.url.bug" value="http://bugreport.sun.com/bugreport/"/>
    <property name="java.io.tmpdir" value="C:\Users\ADMINI~1\AppData\Local\Temp\"/>
    <property name="idea.version" value="2018.2.5"/>
    <property name="java.version" value="1.8.0_131"/>
    <property name="user.dir" value="D:\myworkspace\workspace_idea2\Xinguan"/>
    <property name="os.arch" value="amd64"/>
    <property name="java.vm.specification.name" value="Java Virtual Machine Specification"/>
    <property name="java.awt.printerjob" value="sun.awt.windows.WPrinterJob"/>
    <property name="sun.os.patch.level" value=""/>
    <property name="java.library.path" value="C:\Program Files\Java\jdk1.8.0_131\jre\bin;C:\Windows\Sun\Java\bin;C:\Windows\system32;C:\Windows;E:\oracle\product\10.2.0\client_1\bin;E:\oracle\product\10.2.0\db_1\bin;D:\tomcat\apache-tomcat-7.0.77\bin;c:\gtk\bin;c:\gtk\bin;c:\gtk\bin;C:\ProgramData\Oracle\Java\javapath;C:\Windows\system32;C:\Windows;C:\Windows\System32\Wbem;C:\Windows\System32\WindowsPowerShell\v1.0\;C:\Windows\System32\OpenSSH\;C:\Program Files\Java\jdk1.8.0_131\bin;C:\Program Files\MySQL\MySQL Server 5.5\bin;C:\Users\Administrator\AppData\Local\Microsoft\WindowsApps;D:\myapp\Microsoft VS Code\bin;C:\Users\Administrator\AppData\Local\Microsoft\WindowsApps;D:\myapp\Microsoft VS Code\bin;D:\myapp\DriverGenius;D:\myapp\DriverGenius\ksoft;C:\Users\Administrator\AppData\Local\Microsoft\WindowsApps;D:\myapp\Microsoft VS Code\bin;D:\SVN\SVN\Subversion\bin;C:\Program Files\Git\cmd;D:\openSourse\tools\apache-maven-3.2.2\bin;C:\Program Files (x86)\Microsoft SQL Server\100\Tools\Binn\;C:\Program Files\Microsoft SQL Server\100\Tools\Binn\;C:\Program Files\Microsoft SQL Server\100\DTS\Binn\;C:\Program Files\nodejs\;D:\git\Git\cmd;D:\mysql-5.7.28-winx64\bin;D:\mysoft\redis\;C:\Users\Administrator\AppData\Local\Microsoft\WindowsApps;;D:\myapp\Microsoft VS Code\bin;C:\Users\Administrator\AppData\Roaming\npm;."/>
    <property name="java.vm.info" value="mixed mode"/>
    <property name="java.vendor" value="Oracle Corporation"/>
    <property name="java.vm.version" value="25.131-b11"/>
    <property name="java.ext.dirs" value="C:\Program Files\Java\jdk1.8.0_131\jre\lib\ext;C:\Windows\Sun\Java\lib\ext"/>
    <property name="sun.io.unicode.encoding" value="UnicodeLittle"/>
    <property name="maven.repo.local" value="D:\openSourse\tools\RepMaven"/>
    <property name="java.class.version" value="52.0"/>
  </properties>
  <testcase name="contextLoads" classname="com.coderman.DemoApplicationTests" time="0.217"/>
</testsuite>